<?xml version="1.0" encoding="UTF-8"?>
<!-- Generated by org.testng.reporters.JUnitReportReporter -->
<testsuite hostname="Ilhams-MacBook-Pro.local" failures="0" tests="2" name="com.testing.tokopedia.search.Checkout" time="0.000" errors="0" timestamp="2022-11-16T23:47:00 WIB" skipped="2">
  <testcase classname="com.testing.tokopedia.search.Checkout" name="ChooseCourrier" time="0.000">
    <skipped/>
  </testcase> <!-- ChooseCourrier -->
  <system-out/>
  <testcase classname="com.testing.tokopedia.search.Checkout" name="Pay" time="0.000">
    <skipped/>
  </testcase> <!-- Pay -->
  <system-out/>
</testsuite> <!-- com.testing.tokopedia.search.Checkout -->
