<?xml version="1.0" encoding="UTF-8"?>
<!-- Generated by org.testng.reporters.JUnitReportReporter -->
<testsuite hostname="Ilhams-MacBook-Pro.local" failures="0" tests="1" name="com.testing.tokopedia.SplashScreen" time="0.000" errors="0" timestamp="2022-11-16T23:47:00 WIB" skipped="1">
  <testcase classname="com.testing.tokopedia.SplashScreen" name="SkipSplashScreen" time="0.000">
    <skipped/>
  </testcase> <!-- SkipSplashScreen -->
  <system-out/>
</testsuite> <!-- com.testing.tokopedia.SplashScreen -->
