<?xml version="1.0" encoding="UTF-8"?>
<!-- Generated by org.testng.reporters.JUnitReportReporter -->
<testsuite hostname="Ilhams-MacBook-Pro.local" failures="0" tests="3" name="com.testing.tokopedia.search.Cart" time="0.000" errors="0" timestamp="2022-11-16T23:47:00 WIB" skipped="3">
  <testcase classname="com.testing.tokopedia.search.Cart" name="AddQuantity" time="0.000">
    <skipped/>
  </testcase> <!-- AddQuantity -->
  <system-out/>
  <testcase classname="com.testing.tokopedia.search.Cart" name="Checkout" time="0.000">
    <skipped/>
  </testcase> <!-- Checkout -->
  <system-out/>
  <testcase classname="com.testing.tokopedia.search.Cart" name="Note" time="0.000">
    <skipped/>
  </testcase> <!-- Note -->
  <system-out/>
</testsuite> <!-- com.testing.tokopedia.search.Cart -->
