<?xml version="1.0" encoding="UTF-8"?>
<!-- Generated by org.testng.reporters.JUnitReportReporter -->
<testsuite hostname="Ilhams-MacBook-Pro.local" failures="0" tests="2" name="com.testing.tokopedia.search.Search" time="0.000" errors="0" timestamp="2022-11-16T23:47:00 WIB" skipped="2">
  <testcase classname="com.testing.tokopedia.search.Search" name="OrderBy" time="0.000">
    <skipped/>
  </testcase> <!-- OrderBy -->
  <system-out/>
  <testcase classname="com.testing.tokopedia.search.Search" name="SelectTopAds" time="0.000">
    <skipped/>
  </testcase> <!-- SelectTopAds -->
  <system-out/>
</testsuite> <!-- com.testing.tokopedia.search.Search -->
